Base path: C:/Program Files (x86)/Unity/Editor/Data
Pipe name: \\.\pipe\UnityShaderCompiler-1-187656
Cmd: getPlatforms
Cmd: preprocess
  insize=1108 outsize=899 ok=1
Cmd: compileSnippet
  api=4 type=0 insize=4863 outsize=2607 kw=DIRECTIONAL SHADOWS_OFF LIGHTMAP_OFF DIRLIGHTMAP_OFF ok=1
Cmd: compileSnippet
  api=4 type=1 insize=4863 outsize=1623 kw=DIRECTIONAL SHADOWS_OFF LIGHTMAP_OFF DIRLIGHTMAP_OFF ok=1
Cmd: compileSnippet
  api=4 type=0 insize=2839 outsize=2875 kw=POINT ok=1
Cmd: compileSnippet
  api=4 type=1 insize=2839 outsize=1924 kw=POINT ok=1
Cmd: compileSnippet
  api=4 type=0 insize=2839 outsize=1851 kw=DIRECTIONAL ok=1
Cmd: compileSnippet
  api=4 type=1 insize=2839 outsize=1510 kw=DIRECTIONAL ok=1
Cmd: preprocess
  insize=1095 outsize=900 ok=1
Cmd: preprocess
  insize=1868 outsize=407 ok=1
Cmd: preprocess
  insize=1867 outsize=406 ok=1
Cmd: preprocess
  insize=1867 outsize=406 ok=1
Cmd: preprocess
  insize=1868 outsize=407 ok=1
Cmd: compileSnippet
  api=4 type=0 insize=1760 outsize=1128 kw= ok=1
Cmd: compileSnippet
  api=4 type=1 insize=1760 outsize=2761 kw= ok=1
Cmd: preprocess
  insize=1868 outsize=407 ok=1
Cmd: preprocess
  insize=1089 outsize=309 ok=1
Cmd: compileSnippet
  api=4 type=0 insize=1078 outsize=1128 kw= ok=1
Cmd: compileSnippet
  api=4 type=1 insize=1078 outsize=1883 kw= ok=1
Cmd: preprocess
  insize=797 outsize=310 ok=1
Cmd: compileSnippet
  api=4 type=0 insize=786 outsize=1128 kw= ok=1
Cmd: compileSnippet
  api=4 type=1 insize=786 outsize=990 kw= ok=1
Cmd: preprocess
  insize=797 outsize=309 ok=1
Cmd: compileSnippet
  api=4 type=0 insize=786 outsize=1128 kw= ok=1
Cmd: compileSnippet
  api=4 type=1 insize=786 outsize=990 kw= ok=1
Cmd: preprocess
  insize=795 outsize=310 ok=1
Cmd: compileSnippet
  api=4 type=0 insize=784 outsize=1128 kw= ok=1
Cmd: compileSnippet
  api=4 type=1 insize=784 outsize=990 kw= ok=1
Cmd: preprocess
  insize=797 outsize=309 ok=1
Cmd: preprocess
  insize=809 outsize=310 ok=1
Cmd: compileSnippet
  api=4 type=0 insize=798 outsize=1128 kw= ok=1
Cmd: compileSnippet
  api=4 type=1 insize=798 outsize=1103 kw= ok=1
Cmd: preprocess
  insize=821 outsize=310 ok=1
Cmd: compileSnippet
  api=4 type=0 insize=810 outsize=1128 kw= ok=1
Cmd: compileSnippet
  api=4 type=1 insize=810 outsize=1185 kw= ok=1
Cmd: preprocess
  insize=825 outsize=310 ok=1
Cmd: compileSnippet
  api=4 type=0 insize=814 outsize=1128 kw= ok=1
Cmd: compileSnippet
  api=4 type=1 insize=814 outsize=1185 kw= ok=1
Cmd: preprocess
  insize=823 outsize=308 ok=1
Cmd: preprocess
  insize=823 outsize=308 ok=1
Cmd: compileSnippet
  api=4 type=0 insize=814 outsize=1128 kw= ok=1
Cmd: compileSnippet
  api=4 type=1 insize=814 outsize=1185 kw= ok=1
Cmd: preprocess
  insize=826 outsize=311 ok=1
Cmd: preprocess
  insize=852 outsize=337 ok=1
Cmd: preprocess
  insize=855 outsize=340 ok=1
Cmd: preprocess
  insize=889 outsize=374 ok=1
Cmd: compileSnippet
  api=4 type=0 insize=814 outsize=1128 kw= ok=1
Cmd: compileSnippet
  api=4 type=1 insize=814 outsize=1185 kw= ok=1
Cmd: preprocess
  insize=874 outsize=374 ok=1
Cmd: compileSnippet
  error: 2 plat 4 at (41): 'frag': function must return a value
  error: 2 plat 4 at (41): undeclared identifier '_Color'
  api=4 type=0 insize=799 outsize=0 kw= ok=0
Cmd: preprocess
  insize=929 outsize=429 ok=1
Cmd: compileSnippet
  error: 2 plat 4 at (42): 'frag': function must return a value
  error: 2 plat 4 at (42): undeclared identifier '_Color'
  api=4 type=0 insize=799 outsize=0 kw= ok=0
Cmd: preprocess
  insize=928 outsize=429 ok=1
Cmd: compileSnippet
  error: 2 plat 4 at (25): unrecognized identifier 'Color'
  api=4 type=0 insize=798 outsize=0 kw= ok=0
Cmd: preprocess
  insize=928 outsize=429 ok=1
Cmd: compileSnippet
  api=4 type=0 insize=798 outsize=1128 kw= ok=1
Cmd: compileSnippet
  api=4 type=1 insize=798 outsize=1217 kw= ok=1
Cmd: preprocess
  insize=934 outsize=429 ok=1
Cmd: compileSnippet
  api=4 type=0 insize=804 outsize=1128 kw= ok=1
Cmd: compileSnippet
  api=4 type=1 insize=804 outsize=1233 kw= ok=1
Cmd: preprocess
  insize=934 outsize=429 ok=1
Cmd: compileSnippet
  api=4 type=0 insize=804 outsize=1128 kw= ok=1
Cmd: compileSnippet
  api=4 type=1 insize=804 outsize=1233 kw= ok=1
Cmd: preprocess
  insize=1183 outsize=464 ok=1
Cmd: compileSnippet
  api=4 type=0 insize=1018 outsize=1128 kw= ok=1
Cmd: compileSnippet
  api=4 type=1 insize=1018 outsize=2030 kw= ok=1
Cmd: preprocess
  insize=1203 outsize=464 ok=1
Cmd: compileSnippet
  api=4 type=0 insize=1038 outsize=1128 kw= ok=1
Cmd: compileSnippet
  api=4 type=1 insize=1038 outsize=2192 kw= ok=1
Cmd: preprocess
  insize=1223 outsize=464 ok=1
Cmd: compileSnippet
  api=4 type=0 insize=1058 outsize=1128 kw= ok=1
Cmd: compileSnippet
  api=4 type=1 insize=1058 outsize=2127 kw= ok=1
Cmd: preprocess
  insize=1185 outsize=464 ok=1
Cmd: compileSnippet
  error: 2 plat 4 at (48): syntax error: unexpected token ')'
  error: 2 plat 4 at (49): syntax error: unexpected token ')'
  api=4 type=0 insize=1020 outsize=0 kw= ok=0
Cmd: preprocess
  insize=1183 outsize=464 ok=1
Cmd: preprocess
  insize=1205 outsize=464 ok=1
Cmd: compileSnippet
  api=4 type=0 insize=1040 outsize=1128 kw= ok=1
Cmd: compileSnippet
  api=4 type=1 insize=1040 outsize=2062 kw= ok=1
Cmd: preprocess
  insize=1207 outsize=464 ok=1
Cmd: compileSnippet
  api=4 type=0 insize=1042 outsize=1128 kw= ok=1
Cmd: compileSnippet
  api=4 type=1 insize=1042 outsize=2062 kw= ok=1
Cmd: preprocess
  insize=1271 outsize=463 ok=1
Cmd: compileSnippet
  api=4 type=0 insize=1106 outsize=1128 kw= ok=1
Cmd: compileSnippet
  api=4 type=1 insize=1106 outsize=2428 kw= ok=1
Cmd: preprocess
  insize=1278 outsize=464 ok=1
Cmd: compileSnippet
  api=4 type=0 insize=1113 outsize=1128 kw= ok=1
Cmd: compileSnippet
  api=4 type=1 insize=1113 outsize=2046 kw= ok=1
Cmd: preprocess
  insize=1270 outsize=464 ok=1
Cmd: compileSnippet
  api=4 type=0 insize=1105 outsize=1128 kw= ok=1
Cmd: compileSnippet
  api=4 type=1 insize=1105 outsize=2119 kw= ok=1
Cmd: preprocess
  insize=1259 outsize=464 ok=1
Cmd: compileSnippet
  api=4 type=0 insize=1094 outsize=1128 kw= ok=1
Cmd: compileSnippet
  api=4 type=1 insize=1094 outsize=2038 kw= ok=1
Cmd: preprocess
  insize=1271 outsize=463 ok=1
Cmd: compileSnippet
  api=4 type=0 insize=1106 outsize=1128 kw= ok=1
Cmd: compileSnippet
  api=4 type=1 insize=1106 outsize=2428 kw= ok=1
Cmd: preprocess
  insize=1250 outsize=463 ok=1
Cmd: compileSnippet
  error: 2 plat 4 at (36): syntax error: unexpected token ';'
  api=4 type=0 insize=1085 outsize=0 kw= ok=0
Cmd: preprocess
  insize=1259 outsize=464 ok=1
Cmd: preprocess
  insize=1245 outsize=464 ok=1
Cmd: compileSnippet
  api=4 type=0 insize=1080 outsize=1128 kw= ok=1
Cmd: compileSnippet
  api=4 type=1 insize=1080 outsize=1859 kw= ok=1
Cmd: preprocess
  insize=1259 outsize=464 ok=1
Cmd: preprocess
  insize=1266 outsize=464 ok=1
Cmd: compileSnippet
  api=4 type=0 insize=1101 outsize=1128 kw= ok=1
Cmd: compileSnippet
  api=4 type=1 insize=1101 outsize=2095 kw= ok=1
Cmd: preprocess
  insize=1242 outsize=464 ok=1
Cmd: compileSnippet
  api=4 type=0 insize=1077 outsize=1128 kw= ok=1
Cmd: compileSnippet
  api=4 type=1 insize=1077 outsize=2038 kw= ok=1
Cmd: preprocess
  insize=1259 outsize=464 ok=1
Cmd: compileSnippet
  api=4 type=0 insize=1094 outsize=1128 kw= ok=1
Cmd: compileSnippet
  api=4 type=1 insize=1094 outsize=2273 kw= ok=1
Cmd: preprocess
  insize=1259 outsize=464 ok=1
Cmd: preprocess
  insize=1266 outsize=464 ok=1
Cmd: compileSnippet
  api=4 type=0 insize=1101 outsize=1128 kw= ok=1
Cmd: compileSnippet
  api=4 type=1 insize=1101 outsize=2273 kw= ok=1
Cmd: preprocess
  insize=1266 outsize=464 ok=1
Cmd: preprocess
  insize=1252 outsize=464 ok=1
Cmd: compileSnippet
  api=4 type=0 insize=1087 outsize=1128 kw= ok=1
Cmd: compileSnippet
  api=4 type=1 insize=1087 outsize=2038 kw= ok=1
Cmd: preprocess
  insize=1240 outsize=464 ok=1
Cmd: compileSnippet
  api=4 type=0 insize=1075 outsize=1128 kw= ok=1
Cmd: compileSnippet
  api=4 type=1 insize=1075 outsize=1957 kw= ok=1
Cmd: preprocess
  insize=1246 outsize=464 ok=1
Cmd: compileSnippet
  api=4 type=0 insize=1081 outsize=1128 kw= ok=1
Cmd: compileSnippet
  api=4 type=1 insize=1081 outsize=2135 kw= ok=1
Cmd: preprocess
  insize=1284 outsize=463 ok=1
Cmd: compileSnippet
  api=4 type=0 insize=1119 outsize=1128 kw= ok=1
Cmd: compileSnippet
  api=4 type=1 insize=1119 outsize=2152 kw= ok=1
Cmd: preprocess
  insize=1284 outsize=464 ok=1
Cmd: compileSnippet
  api=4 type=0 insize=1119 outsize=1128 kw= ok=1
Cmd: compileSnippet
  api=4 type=1 insize=1119 outsize=2143 kw= ok=1
Cmd: preprocess
  insize=1284 outsize=464 ok=1
Cmd: compileSnippet
  api=4 type=0 insize=1119 outsize=1128 kw= ok=1
Cmd: compileSnippet
  api=4 type=1 insize=1119 outsize=2152 kw= ok=1
Cmd: preprocess
  insize=1285 outsize=464 ok=1
Cmd: compileSnippet
  api=4 type=0 insize=1120 outsize=1128 kw= ok=1
Cmd: compileSnippet
  api=4 type=1 insize=1120 outsize=2103 kw= ok=1
Cmd: preprocess
  insize=1276 outsize=464 ok=1
Cmd: compileSnippet
  api=4 type=0 insize=1111 outsize=1128 kw= ok=1
Cmd: compileSnippet
  api=4 type=1 insize=1111 outsize=1957 kw= ok=1
Cmd: preprocess
  insize=1282 outsize=464 ok=1
Cmd: compileSnippet
  api=4 type=0 insize=1117 outsize=1128 kw= ok=1
Cmd: compileSnippet
  api=4 type=1 insize=1117 outsize=2135 kw= ok=1
Cmd: preprocess
  insize=1283 outsize=463 ok=1
Cmd: compileSnippet
  api=4 type=0 insize=1118 outsize=1128 kw= ok=1
Cmd: compileSnippet
  api=4 type=1 insize=1118 outsize=2135 kw= ok=1
Cmd: preprocess
  insize=1283 outsize=464 ok=1
Cmd: compileSnippet
  api=4 type=0 insize=1118 outsize=1128 kw= ok=1
Cmd: compileSnippet
  api=4 type=1 insize=1118 outsize=2127 kw= ok=1
Cmd: preprocess
  insize=1283 outsize=464 ok=1
Cmd: compileSnippet
  api=4 type=0 insize=1118 outsize=1128 kw= ok=1
Cmd: compileSnippet
  api=4 type=1 insize=1118 outsize=2127 kw= ok=1
Cmd: preprocess
  insize=1285 outsize=464 ok=1
Cmd: compileSnippet
  api=4 type=0 insize=1120 outsize=1128 kw= ok=1
Cmd: compileSnippet
  api=4 type=1 insize=1120 outsize=2095 kw= ok=1
Cmd: preprocess
  insize=1282 outsize=464 ok=1
Cmd: compileSnippet
  api=4 type=0 insize=1117 outsize=1128 kw= ok=1
Cmd: compileSnippet
  api=4 type=1 insize=1117 outsize=2127 kw= ok=1
Cmd: preprocess
  insize=1246 outsize=464 ok=1
Cmd: compileSnippet
  api=4 type=0 insize=1081 outsize=1128 kw= ok=1
Cmd: compileSnippet
  api=4 type=1 insize=1081 outsize=2127 kw= ok=1
Cmd: preprocess
  insize=1246 outsize=464 ok=1
Cmd: preprocess
  insize=1252 outsize=464 ok=1
Cmd: compileSnippet
  api=4 type=0 insize=1087 outsize=1128 kw= ok=1
Cmd: compileSnippet
  api=4 type=1 insize=1087 outsize=2087 kw= ok=1
Cmd: preprocess
  insize=1252 outsize=464 ok=1
Cmd: compileSnippet
  api=4 type=0 insize=1087 outsize=1128 kw= ok=1
Cmd: compileSnippet
  api=4 type=1 insize=1087 outsize=2135 kw= ok=1
Cmd: preprocess
  insize=1252 outsize=464 ok=1
Cmd: compileSnippet
  api=4 type=0 insize=1087 outsize=1128 kw= ok=1
Cmd: compileSnippet
  api=4 type=1 insize=1087 outsize=2135 kw= ok=1
Cmd: preprocess
  insize=1240 outsize=464 ok=1
Cmd: preprocess
  insize=1244 outsize=464 ok=1
Cmd: compileSnippet
  api=4 type=0 insize=1079 outsize=1128 kw= ok=1
Cmd: compileSnippet
  api=4 type=1 insize=1079 outsize=2135 kw= ok=1
Cmd: preprocess
  insize=1258 outsize=464 ok=1
Cmd: compileSnippet
  api=4 type=0 insize=1093 outsize=1128 kw= ok=1
Cmd: compileSnippet
  api=4 type=1 insize=1093 outsize=2192 kw= ok=1
Cmd: preprocess
  insize=1268 outsize=463 ok=1
Cmd: compileSnippet
  api=4 type=0 insize=1103 outsize=1128 kw= ok=1
Cmd: compileSnippet
  api=4 type=1 insize=1103 outsize=2143 kw= ok=1
Cmd: preprocess
  insize=1244 outsize=464 ok=1
Cmd: preprocess
  insize=1220 outsize=464 ok=1
Cmd: compileSnippet
  api=4 type=0 insize=1055 outsize=1128 kw= ok=1
Cmd: compileSnippet
  api=4 type=1 insize=1055 outsize=2095 kw= ok=1
Cmd: preprocess
  insize=1244 outsize=464 ok=1
Cmd: compileSnippet
  api=4 type=0 insize=1079 outsize=1128 kw= ok=1
Cmd: compileSnippet
  api=4 type=1 insize=1079 outsize=2087 kw= ok=1
Cmd: preprocess
  insize=1246 outsize=464 ok=1
Cmd: compileSnippet
  api=4 type=0 insize=1081 outsize=1128 kw= ok=1
Cmd: compileSnippet
  api=4 type=1 insize=1081 outsize=2087 kw= ok=1
Cmd: preprocess
  insize=1245 outsize=464 ok=1
Cmd: compileSnippet
  api=4 type=0 insize=1080 outsize=1128 kw= ok=1
Cmd: compileSnippet
  api=4 type=1 insize=1080 outsize=2087 kw= ok=1
Cmd: preprocess
  insize=1246 outsize=464 ok=1
Cmd: compileSnippet
  api=4 type=0 insize=1081 outsize=1128 kw= ok=1
Cmd: compileSnippet
  api=4 type=1 insize=1081 outsize=2087 kw= ok=1
Cmd: preprocess
  insize=1246 outsize=464 ok=1
Cmd: compileSnippet
  api=4 type=0 insize=1081 outsize=1128 kw= ok=1
Cmd: compileSnippet
  api=4 type=1 insize=1081 outsize=2087 kw= ok=1
Cmd: preprocess
  insize=1244 outsize=464 ok=1
Cmd: preprocess
  insize=1248 outsize=463 ok=1
Cmd: compileSnippet
  api=4 type=0 insize=1083 outsize=1128 kw= ok=1
Cmd: compileSnippet
  api=4 type=1 insize=1083 outsize=2143 kw= ok=1
Cmd: preprocess
  insize=1250 outsize=464 ok=1
Cmd: compileSnippet
  api=4 type=0 insize=1085 outsize=1128 kw= ok=1
Cmd: compileSnippet
  api=4 type=1 insize=1085 outsize=2208 kw= ok=1
Cmd: preprocess
  insize=1249 outsize=464 ok=1
Cmd: compileSnippet
  error: 2 plat 4 at (41): undeclared identifier 'PlayerX'
  api=4 type=0 insize=1084 outsize=0 kw= ok=0
Cmd: preprocess
  insize=1247 outsize=463 ok=1
Cmd: compileSnippet
  error: 2 plat 4 at (41): undeclared identifier 'PlayerX'
  api=4 type=0 insize=1082 outsize=0 kw= ok=0
Cmd: preprocess
  insize=1248 outsize=464 ok=1
Cmd: compileSnippet
  api=4 type=0 insize=1083 outsize=1128 kw= ok=1
Cmd: compileSnippet
  api=4 type=1 insize=1083 outsize=2574 kw= ok=1
Cmd: preprocess
  insize=1250 outsize=464 ok=1
Cmd: preprocess
  insize=1278 outsize=463 ok=1
Cmd: compileSnippet
  api=4 type=0 insize=1113 outsize=1128 kw= ok=1
Cmd: compileSnippet
  api=4 type=1 insize=1113 outsize=2200 kw= ok=1
Cmd: preprocess
  insize=1288 outsize=464 ok=1
Cmd: compileSnippet
  api=4 type=0 insize=1123 outsize=1128 kw= ok=1
Cmd: compileSnippet
  api=4 type=1 insize=1123 outsize=3086 kw= ok=1
Cmd: preprocess
  insize=1278 outsize=463 ok=1
Cmd: preprocess
  insize=1302 outsize=464 ok=1
Cmd: compileSnippet
  api=4 type=0 insize=1137 outsize=1128 kw= ok=1
Cmd: compileSnippet
  api=4 type=1 insize=1137 outsize=2208 kw= ok=1
Cmd: preprocess
  insize=1312 outsize=464 ok=1
Cmd: compileSnippet
  api=4 type=0 insize=1147 outsize=1128 kw= ok=1
Cmd: compileSnippet
  api=4 type=1 insize=1147 outsize=3517 kw= ok=1
Cmd: preprocess
  insize=1302 outsize=464 ok=1
Cmd: preprocess
  insize=1278 outsize=463 ok=1
Cmd: preprocess
  insize=1283 outsize=463 ok=1
Cmd: compileSnippet
  api=4 type=0 insize=1118 outsize=1128 kw= ok=1
Cmd: compileSnippet
  api=4 type=1 insize=1118 outsize=3102 kw= ok=1
Cmd: preprocess
  insize=1278 outsize=463 ok=1
Cmd: preprocess
  insize=1284 outsize=464 ok=1
Cmd: compileSnippet
  api=4 type=0 insize=1119 outsize=1128 kw= ok=1
Cmd: compileSnippet
  api=4 type=1 insize=1119 outsize=3102 kw= ok=1
Cmd: preprocess
  insize=1286 outsize=464 ok=1
Cmd: compileSnippet
  api=4 type=0 insize=1121 outsize=1128 kw= ok=1
Cmd: compileSnippet
  api=4 type=1 insize=1121 outsize=2728 kw= ok=1
Cmd: preprocess
  insize=1284 outsize=464 ok=1
Cmd: preprocess
  insize=1296 outsize=464 ok=1
Cmd: compileSnippet
  api=4 type=0 insize=1131 outsize=1128 kw= ok=1
Cmd: compileSnippet
  api=4 type=1 insize=1131 outsize=3127 kw= ok=1
Cmd: preprocess
  insize=1273 outsize=464 ok=1
Cmd: compileSnippet
  api=4 type=0 insize=1108 outsize=1128 kw= ok=1
Cmd: compileSnippet
  api=4 type=1 insize=1108 outsize=2737 kw= ok=1
Cmd: preprocess
  insize=1268 outsize=464 ok=1
Cmd: compileSnippet
  api=4 type=0 insize=1103 outsize=1128 kw= ok=1
Cmd: compileSnippet
  api=4 type=1 insize=1103 outsize=2208 kw= ok=1
Cmd: preprocess
  insize=1273 outsize=464 ok=1
Cmd: preprocess
  insize=1287 outsize=464 ok=1
Cmd: compileSnippet
  api=4 type=0 insize=1122 outsize=1128 kw= ok=1
Cmd: compileSnippet
  api=4 type=1 insize=1122 outsize=2290 kw= ok=1
Cmd: preprocess
  insize=1299 outsize=463 ok=1
Cmd: compileSnippet
  api=4 type=0 insize=1134 outsize=1128 kw= ok=1
Cmd: compileSnippet
  api=4 type=1 insize=1134 outsize=2737 kw= ok=1
Cmd: preprocess
  insize=1304 outsize=463 ok=1
Cmd: compileSnippet
  api=4 type=0 insize=1139 outsize=1128 kw= ok=1
Cmd: compileSnippet
  api=4 type=1 insize=1139 outsize=2777 kw= ok=1
Cmd: preprocess
  insize=1309 outsize=464 ok=1
Cmd: compileSnippet
  api=4 type=0 insize=1144 outsize=1128 kw= ok=1
Cmd: compileSnippet
  api=4 type=1 insize=1144 outsize=2834 kw= ok=1
Cmd: preprocess
  insize=1311 outsize=464 ok=1
Cmd: compileSnippet
  api=4 type=0 insize=1146 outsize=1128 kw= ok=1
Cmd: compileSnippet
  api=4 type=1 insize=1146 outsize=2834 kw= ok=1
Cmd: preprocess
  insize=1452 outsize=464 ok=1
Cmd: compileSnippet
  api=4 type=0 insize=1287 outsize=1128 kw= ok=1
Cmd: compileSnippet
  api=4 type=1 insize=1287 outsize=2875 kw= ok=1
Cmd: preprocess
  insize=1449 outsize=464 ok=1
Cmd: compileSnippet
  api=4 type=0 insize=1284 outsize=1128 kw= ok=1
Cmd: compileSnippet
  api=4 type=1 insize=1284 outsize=2875 kw= ok=1
Cmd: preprocess
  insize=1453 outsize=464 ok=1
Cmd: compileSnippet
  api=4 type=0 insize=1288 outsize=1128 kw= ok=1
Cmd: compileSnippet
  api=4 type=1 insize=1288 outsize=2834 kw= ok=1
Cmd: preprocess
  insize=1462 outsize=464 ok=1
Cmd: compileSnippet
  api=4 type=0 insize=1297 outsize=1128 kw= ok=1
Cmd: compileSnippet
  api=4 type=1 insize=1297 outsize=2834 kw= ok=1
Cmd: preprocess
  insize=1462 outsize=464 ok=1
Cmd: compileSnippet
  api=4 type=0 insize=1297 outsize=1128 kw= ok=1
Cmd: compileSnippet
  api=4 type=1 insize=1297 outsize=2793 kw= ok=1
Cmd: preprocess
  insize=1500 outsize=464 ok=1
Cmd: compileSnippet
  api=4 type=0 insize=1335 outsize=1128 kw= ok=1
Cmd: compileSnippet
  api=4 type=1 insize=1335 outsize=2834 kw= ok=1
Cmd: preprocess
  insize=1500 outsize=464 ok=1
Cmd: compileSnippet
  api=4 type=0 insize=1335 outsize=1128 kw= ok=1
Cmd: compileSnippet
  api=4 type=1 insize=1335 outsize=2834 kw= ok=1
Cmd: preprocess
  insize=2392 outsize=568 ok=1
Cmd: compileSnippet
  api=4 type=0 insize=2122 outsize=1128 kw= ok=1
Cmd: compileSnippet
  api=4 type=1 insize=2122 outsize=2834 kw= ok=1
Cmd: preprocess
  insize=2391 outsize=567 ok=1
Cmd: preprocess
  insize=2974 outsize=707 ok=1
Cmd: compileSnippet
  api=4 type=0 insize=2567 outsize=1128 kw= ok=1
Cmd: compileSnippet
  api=4 type=1 insize=2567 outsize=4378 kw= ok=1
Cmd: preprocess
  insize=2974 outsize=707 ok=1
Cmd: preprocess
  insize=2744 outsize=712 ok=1
Cmd: compileSnippet
  api=4 type=0 insize=2332 outsize=1128 kw= ok=1
Cmd: compileSnippet
  api=4 type=1 insize=2332 outsize=4061 kw= ok=1
Cmd: preprocess
  insize=2735 outsize=703 ok=1
Cmd: preprocess
  insize=2812 outsize=704 ok=1
Cmd: compileSnippet
  api=4 type=0 insize=2409 outsize=1128 kw= ok=1
Cmd: compileSnippet
  api=4 type=1 insize=2409 outsize=4077 kw= ok=1
Cmd: preprocess
  insize=2826 outsize=704 ok=1
Cmd: compileSnippet
  api=4 type=0 insize=2423 outsize=1128 kw= ok=1
Cmd: compileSnippet
  api=4 type=1 insize=2423 outsize=4118 kw= ok=1
Cmd: preprocess
  insize=2830 outsize=704 ok=1
Cmd: compileSnippet
  api=4 type=0 insize=2427 outsize=1128 kw= ok=1
Cmd: compileSnippet
  api=4 type=1 insize=2427 outsize=4370 kw= ok=1
Cmd: preprocess
  insize=2831 outsize=704 ok=1
Cmd: compileSnippet
  api=4 type=0 insize=2428 outsize=1128 kw= ok=1
Cmd: compileSnippet
  api=4 type=1 insize=2428 outsize=4370 kw= ok=1
Cmd: preprocess
  insize=2830 outsize=704 ok=1
Cmd: compileSnippet
  api=4 type=0 insize=2427 outsize=1128 kw= ok=1
Cmd: compileSnippet
  api=4 type=1 insize=2427 outsize=4370 kw= ok=1
Cmd: preprocess
  insize=2831 outsize=704 ok=1
Cmd: compileSnippet
  api=4 type=0 insize=2428 outsize=1128 kw= ok=1
Cmd: compileSnippet
  api=4 type=1 insize=2428 outsize=4370 kw= ok=1
Cmd: preprocess
  insize=2830 outsize=703 ok=1
Cmd: compileSnippet
  api=4 type=0 insize=2427 outsize=1128 kw= ok=1
Cmd: compileSnippet
  api=4 type=1 insize=2427 outsize=4370 kw= ok=1
Cmd: preprocess
  insize=2831 outsize=704 ok=1
Cmd: compileSnippet
  api=4 type=0 insize=2428 outsize=1128 kw= ok=1
Cmd: compileSnippet
  api=4 type=1 insize=2428 outsize=4378 kw= ok=1
Cmd: preprocess
  insize=2835 outsize=704 ok=1
Cmd: compileSnippet
  api=4 type=0 insize=2432 outsize=1128 kw= ok=1
Cmd: compileSnippet
  api=4 type=1 insize=2432 outsize=4394 kw= ok=1
Cmd: preprocess
  insize=2826 outsize=704 ok=1
Cmd: preprocess
  insize=2831 outsize=704 ok=1
Cmd: compileSnippet
  api=4 type=0 insize=2428 outsize=1128 kw= ok=1
Cmd: compileSnippet
  api=4 type=1 insize=2428 outsize=4378 kw= ok=1
Cmd: preprocess
  insize=2875 outsize=704 ok=1
Cmd: compileSnippet
  api=4 type=0 insize=2472 outsize=1128 kw= ok=1
Cmd: compileSnippet
  api=4 type=1 insize=2472 outsize=4378 kw= ok=1
Cmd: preprocess
  insize=2849 outsize=704 ok=1
Cmd: compileSnippet
  api=4 type=0 insize=2446 outsize=1128 kw= ok=1
Cmd: compileSnippet
  api=4 type=1 insize=2446 outsize=5101 kw= ok=1
Cmd: preprocess
  insize=2863 outsize=704 ok=1
Cmd: compileSnippet
  api=4 type=0 insize=2460 outsize=1128 kw= ok=1
Cmd: compileSnippet
  api=4 type=1 insize=2460 outsize=5101 kw= ok=1
Cmd: preprocess
  insize=1969 outsize=659 ok=1
Cmd: compileSnippet
  error: 2 plat 4 at (71): array, matrix, vector, or indexable object type expected in index expression
  error: 1 plat 4 at (71): comma expression used where a vector constructor may have been intended
  api=4 type=0 insize=1609 outsize=0 kw= ok=0
Cmd: preprocess
  insize=1990 outsize=659 ok=1
Cmd: compileSnippet
  error: 2 plat 4 at (72): constructors only defined for numeric base types
  api=4 type=0 insize=1630 outsize=0 kw= ok=0
Cmd: preprocess
  insize=1991 outsize=659 ok=1
Cmd: compileSnippet
  error: 2 plat 4 at (72): constructors only defined for numeric base types
  api=4 type=0 insize=1631 outsize=0 kw= ok=0
Cmd: preprocess
  insize=2025 outsize=659 ok=1
Cmd: compileSnippet
  error: 2 plat 4 at (72): constructors only defined for numeric base types
  api=4 type=0 insize=1665 outsize=0 kw= ok=0
Cmd: preprocess
  insize=1940 outsize=659 ok=1
Cmd: compileSnippet
  error: 2 plat 4 at (69): constructors only defined for numeric base types
  api=4 type=0 insize=1580 outsize=0 kw= ok=0
Cmd: preprocess
  insize=1936 outsize=658 ok=1
Cmd: compileSnippet
  api=4 type=0 insize=1576 outsize=1128 kw= ok=1
Cmd: compileSnippet
  api=4 type=1 insize=1576 outsize=3110 kw= ok=1
Cmd: preprocess
  insize=1936 outsize=659 ok=1
Cmd: compileSnippet
  api=4 type=0 insize=1576 outsize=1128 kw= ok=1
Cmd: compileSnippet
  api=4 type=1 insize=1576 outsize=3110 kw= ok=1
Cmd: preprocess
  insize=1936 outsize=658 ok=1
Cmd: preprocess
  insize=1915 outsize=658 ok=1
Cmd: compileSnippet
  api=4 type=0 insize=1555 outsize=1128 kw= ok=1
Cmd: compileSnippet
  api=4 type=1 insize=1555 outsize=1233 kw= ok=1
Cmd: preprocess
  insize=1889 outsize=659 ok=1
Cmd: compileSnippet
  api=4 type=0 insize=1529 outsize=1128 kw= ok=1
Cmd: compileSnippet
  api=4 type=1 insize=1529 outsize=3200 kw= ok=1
Cmd: preprocess
  insize=1955 outsize=659 ok=1
Cmd: compileSnippet
  api=4 type=0 insize=1595 outsize=1128 kw= ok=1
Cmd: compileSnippet
  api=4 type=1 insize=1595 outsize=3598 kw= ok=1
Cmd: preprocess
  insize=2179 outsize=660 ok=1
Cmd: compileSnippet
  error: 2 plat 4 at (83): 'frag': function must return a value
  error: 2 plat 4 at (83): undeclared identifier '_InfectedColour'
  api=4 type=0 insize=1819 outsize=0 kw= ok=0
Cmd: preprocess
  insize=2176 outsize=660 ok=1
Cmd: compileSnippet
  api=4 type=0 insize=1816 outsize=1128 kw= ok=1
Cmd: compileSnippet
  api=4 type=1 insize=1816 outsize=3972 kw= ok=1
Cmd: preprocess
  insize=2194 outsize=660 ok=1
Cmd: compileSnippet
  api=4 type=0 insize=1834 outsize=1128 kw= ok=1
Cmd: compileSnippet
  api=4 type=1 insize=1834 outsize=3972 kw= ok=1
Cmd: preprocess
  insize=2226 outsize=604 ok=1
Cmd: compileSnippet
  error: 2 plat 4 at (88): undeclared identifier '_Color'
  api=4 type=0 insize=1921 outsize=0 kw= ok=0
Cmd: preprocess
  insize=2221 outsize=604 ok=1
Cmd: compileSnippet
  error: 2 plat 4 at (88): undeclared identifier '_Color'
  api=4 type=0 insize=1916 outsize=0 kw= ok=0
Cmd: preprocess
  insize=2210 outsize=604 ok=1
Cmd: compileSnippet
  api=4 type=0 insize=1905 outsize=1128 kw= ok=1
Cmd: compileSnippet
  api=4 type=1 insize=1905 outsize=3362 kw= ok=1
Cmd: preprocess
  insize=2224 outsize=604 ok=1
Cmd: compileSnippet
  api=4 type=0 insize=1919 outsize=1128 kw= ok=1
Cmd: compileSnippet
  api=4 type=1 insize=1919 outsize=3224 kw= ok=1
Cmd: preprocess
  insize=2229 outsize=603 ok=1
Cmd: compileSnippet
  api=4 type=0 insize=1924 outsize=1128 kw= ok=1
Cmd: compileSnippet
  api=4 type=1 insize=1924 outsize=3005 kw= ok=1
Cmd: preprocess
  insize=2636 outsize=605 ok=1
Cmd: compileSnippet
  error: 2 plat 4 at (76): 'frag': function must return a value
  error: 2 plat 4 at (76): undeclared identifier '_UninfectedColor'
  api=4 type=0 insize=2331 outsize=0 kw= ok=0
Cmd: preprocess
  insize=2634 outsize=605 ok=1
Cmd: compileSnippet
  api=4 type=0 insize=2329 outsize=1128 kw= ok=1
Cmd: compileSnippet
  api=4 type=1 insize=2329 outsize=4386 kw= ok=1
Cmd: preprocess
  insize=2720 outsize=606 ok=1
Cmd: compileSnippet
  api=4 type=0 insize=2415 outsize=1128 kw= ok=1
Cmd: compileSnippet
  api=4 type=1 insize=2415 outsize=4557 kw= ok=1
Cmd: preprocess
  insize=2719 outsize=606 ok=1
Cmd: compileSnippet
  api=4 type=0 insize=2414 outsize=1128 kw= ok=1
Cmd: compileSnippet
  api=4 type=1 insize=2414 outsize=4557 kw= ok=1
Cmd: preprocess
  insize=2721 outsize=606 ok=1
Cmd: compileSnippet
  api=4 type=0 insize=2416 outsize=1128 kw= ok=1
Cmd: compileSnippet
  api=4 type=1 insize=2416 outsize=4467 kw= ok=1
Cmd: preprocess
  insize=2721 outsize=605 ok=1
Cmd: compileSnippet
  api=4 type=0 insize=2416 outsize=1128 kw= ok=1
Cmd: compileSnippet
  api=4 type=1 insize=2416 outsize=4467 kw= ok=1
Cmd: preprocess
  insize=2351 outsize=605 ok=1
Cmd: compileSnippet
  api=4 type=0 insize=2046 outsize=1128 kw= ok=1
Cmd: compileSnippet
  api=4 type=1 insize=2046 outsize=3647 kw= ok=1
Cmd: preprocess
  insize=2351 outsize=605 ok=1
Cmd: compileSnippet
  api=4 type=0 insize=2046 outsize=1128 kw= ok=1
Cmd: compileSnippet
  api=4 type=1 insize=2046 outsize=3647 kw= ok=1
Cmd: preprocess
  insize=2351 outsize=605 ok=1
Cmd: compileSnippet
  api=4 type=0 insize=2046 outsize=1128 kw= ok=1
Cmd: compileSnippet
  api=4 type=1 insize=2046 outsize=3647 kw= ok=1
Cmd: preprocess
  insize=2351 outsize=605 ok=1
Cmd: compileSnippet
  api=4 type=0 insize=2046 outsize=1128 kw= ok=1
Cmd: compileSnippet
  api=4 type=1 insize=2046 outsize=3647 kw= ok=1
Cmd: preprocess
  insize=2350 outsize=605 ok=1
Cmd: compileSnippet
  api=4 type=0 insize=2045 outsize=1128 kw= ok=1
Cmd: compileSnippet
  api=4 type=1 insize=2045 outsize=3736 kw= ok=1
Cmd: preprocess
  insize=2369 outsize=605 ok=1
Cmd: compileSnippet
  error: 2 plat 4 at (90): if statement conditional expressions must evaluate to a scalar
  api=4 type=0 insize=2064 outsize=0 kw= ok=0
Cmd: preprocess
  insize=2372 outsize=605 ok=1
Cmd: compileSnippet
  error: 2 plat 4 at (91): syntax error: unexpected token 'return'
  api=4 type=0 insize=2067 outsize=0 kw= ok=0
Cmd: preprocess
  insize=2373 outsize=605 ok=1
Cmd: compileSnippet
  api=4 type=0 insize=2068 outsize=1128 kw= ok=1
Cmd: compileSnippet
  api=4 type=1 insize=2068 outsize=4199 kw= ok=1
Cmd: preprocess
  insize=2373 outsize=605 ok=1
Cmd: compileSnippet
  api=4 type=0 insize=2068 outsize=1128 kw= ok=1
Cmd: compileSnippet
  api=4 type=1 insize=2068 outsize=4199 kw= ok=1
Cmd: preprocess
  insize=2373 outsize=605 ok=1
Cmd: preprocess
  insize=2445 outsize=605 ok=1
Cmd: compileSnippet
  api=4 type=0 insize=2140 outsize=1128 kw= ok=1
Cmd: compileSnippet
  api=4 type=1 insize=2140 outsize=4760 kw= ok=1
Cmd: preprocess
  insize=2444 outsize=606 ok=1
Cmd: compileSnippet
  api=4 type=0 insize=2139 outsize=1128 kw= ok=1
Cmd: compileSnippet
  api=4 type=1 insize=2139 outsize=4760 kw= ok=1
Cmd: preprocess
  insize=2457 outsize=606 ok=1
Cmd: compileSnippet
  api=4 type=0 insize=2152 outsize=1128 kw= ok=1
Cmd: compileSnippet
  api=4 type=1 insize=2152 outsize=4825 kw= ok=1
Cmd: preprocess
  insize=2457 outsize=606 ok=1
Cmd: compileSnippet
  api=4 type=0 insize=2152 outsize=1128 kw= ok=1
Cmd: compileSnippet
  api=4 type=1 insize=2152 outsize=4825 kw= ok=1
Cmd: preprocess
  insize=2457 outsize=606 ok=1
Cmd: compileSnippet
  api=4 type=0 insize=2152 outsize=1128 kw= ok=1
Cmd: compileSnippet
  api=4 type=1 insize=2152 outsize=4825 kw= ok=1
Cmd: preprocess
  insize=2459 outsize=606 ok=1
Cmd: compileSnippet
  api=4 type=0 insize=2154 outsize=1128 kw= ok=1
Cmd: compileSnippet
  api=4 type=1 insize=2154 outsize=4825 kw= ok=1
Cmd: preprocess
  insize=2458 outsize=606 ok=1
Cmd: compileSnippet
  api=4 type=0 insize=2153 outsize=1128 kw= ok=1
Cmd: compileSnippet
  api=4 type=1 insize=2153 outsize=4825 kw= ok=1
Cmd: preprocess
  insize=2458 outsize=606 ok=1
Cmd: compileSnippet
  api=4 type=0 insize=2153 outsize=1128 kw= ok=1
Cmd: compileSnippet
  api=4 type=1 insize=2153 outsize=4825 kw= ok=1
Cmd: preprocess
  insize=2458 outsize=605 ok=1
Cmd: compileSnippet
  api=4 type=0 insize=2153 outsize=1128 kw= ok=1
Cmd: compileSnippet
  api=4 type=1 insize=2153 outsize=4825 kw= ok=1
Cmd: preprocess
  insize=2465 outsize=605 ok=1
Cmd: compileSnippet
  api=4 type=0 insize=2160 outsize=1128 kw= ok=1
Cmd: compileSnippet
  api=4 type=1 insize=2160 outsize=4882 kw= ok=1
Cmd: preprocess
  insize=2465 outsize=606 ok=1
Cmd: compileSnippet
  api=4 type=0 insize=2160 outsize=1128 kw= ok=1
Cmd: compileSnippet
  api=4 type=1 insize=2160 outsize=4882 kw= ok=1
Cmd: preprocess
  insize=2465 outsize=606 ok=1
Cmd: compileSnippet
  api=4 type=0 insize=2160 outsize=1128 kw= ok=1
Cmd: compileSnippet
  api=4 type=1 insize=2160 outsize=4882 kw= ok=1
Cmd: preprocess
  insize=2465 outsize=606 ok=1
Cmd: compileSnippet
  api=4 type=0 insize=2160 outsize=1128 kw= ok=1
Cmd: compileSnippet
  api=4 type=1 insize=2160 outsize=4882 kw= ok=1
Cmd: preprocess
  insize=2471 outsize=606 ok=1
Cmd: compileSnippet
  api=4 type=0 insize=2166 outsize=1128 kw= ok=1
Cmd: compileSnippet
  api=4 type=1 insize=2166 outsize=4898 kw= ok=1
Cmd: preprocess
  insize=2471 outsize=606 ok=1
Cmd: compileSnippet
  api=4 type=0 insize=2166 outsize=1128 kw= ok=1
Cmd: compileSnippet
  api=4 type=1 insize=2166 outsize=4898 kw= ok=1
Cmd: preprocess
  insize=2464 outsize=606 ok=1
Cmd: compileSnippet
  api=4 type=0 insize=2159 outsize=1128 kw= ok=1
Cmd: compileSnippet
  api=4 type=1 insize=2159 outsize=4841 kw= ok=1
Cmd: preprocess
  insize=2471 outsize=606 ok=1
Cmd: preprocess
  insize=2472 outsize=606 ok=1
Cmd: compileSnippet
  api=4 type=0 insize=2167 outsize=1128 kw= ok=1
Cmd: compileSnippet
  api=4 type=1 insize=2167 outsize=4898 kw= ok=1
Cmd: preprocess
  insize=2475 outsize=606 ok=1
Cmd: compileSnippet
  api=4 type=0 insize=2170 outsize=1128 kw= ok=1
Cmd: compileSnippet
  api=4 type=1 insize=2170 outsize=4199 kw= ok=1
Cmd: preprocess
  insize=2439 outsize=604 ok=1
Cmd: compileSnippet
  api=4 type=0 insize=2134 outsize=1128 kw= ok=1
Cmd: compileSnippet
  api=4 type=1 insize=2134 outsize=4199 kw= ok=1
Cmd: preprocess
  insize=2422 outsize=606 ok=1
Cmd: compileSnippet
  api=4 type=0 insize=2117 outsize=1128 kw= ok=1
Cmd: compileSnippet
  api=4 type=1 insize=2117 outsize=4256 kw= ok=1
Cmd: preprocess
  insize=2429 outsize=606 ok=1
Cmd: compileSnippet
  api=4 type=0 insize=2124 outsize=1128 kw= ok=1
Cmd: compileSnippet
  api=4 type=1 insize=2124 outsize=4232 kw= ok=1
Cmd: preprocess
  insize=2428 outsize=606 ok=1
Cmd: compileSnippet
  api=4 type=0 insize=2123 outsize=1128 kw= ok=1
Cmd: compileSnippet
  api=4 type=1 insize=2123 outsize=4232 kw= ok=1
Cmd: preprocess
  insize=2428 outsize=606 ok=1
Cmd: compileSnippet
  api=4 type=0 insize=2123 outsize=1128 kw= ok=1
Cmd: compileSnippet
  api=4 type=1 insize=2123 outsize=4232 kw= ok=1
Cmd: preprocess
  insize=2428 outsize=606 ok=1
Cmd: compileSnippet
  api=4 type=0 insize=2123 outsize=1128 kw= ok=1
Cmd: compileSnippet
  api=4 type=1 insize=2123 outsize=4232 kw= ok=1
Cmd: preprocess
  insize=2428 outsize=606 ok=1
Cmd: compileSnippet
  api=4 type=0 insize=2123 outsize=1128 kw= ok=1
Cmd: compileSnippet
  api=4 type=1 insize=2123 outsize=4126 kw= ok=1
Cmd: preprocess
  insize=2428 outsize=606 ok=1
Cmd: preprocess
  insize=2428 outsize=606 ok=1
Cmd: compileSnippet
  api=4 type=0 insize=2123 outsize=1128 kw= ok=1
Cmd: compileSnippet
  api=4 type=1 insize=2123 outsize=4232 kw= ok=1
Cmd: preprocess
  insize=2438 outsize=606 ok=1
Cmd: compileSnippet
  api=4 type=0 insize=2133 outsize=1128 kw= ok=1
Cmd: compileSnippet
  api=4 type=1 insize=2133 outsize=4297 kw= ok=1
Cmd: preprocess
  insize=2434 outsize=606 ok=1
Cmd: compileSnippet
  api=4 type=0 insize=2129 outsize=1128 kw= ok=1
Cmd: compileSnippet
  api=4 type=1 insize=2129 outsize=4443 kw= ok=1
Cmd: preprocess
  insize=2434 outsize=606 ok=1
Cmd: compileSnippet
  api=4 type=0 insize=2129 outsize=1128 kw= ok=1
Cmd: compileSnippet
  api=4 type=1 insize=2129 outsize=4451 kw= ok=1
Cmd: preprocess
  insize=2434 outsize=606 ok=1
Cmd: compileSnippet
  api=4 type=0 insize=2129 outsize=1128 kw= ok=1
Cmd: compileSnippet
  api=4 type=1 insize=2129 outsize=4451 kw= ok=1
Cmd: preprocess
  insize=2434 outsize=606 ok=1
Cmd: compileSnippet
  api=4 type=0 insize=2129 outsize=1128 kw= ok=1
Cmd: compileSnippet
  api=4 type=1 insize=2129 outsize=4451 kw= ok=1
Cmd: preprocess
  insize=2434 outsize=606 ok=1
Cmd: compileSnippet
  api=4 type=0 insize=2129 outsize=1128 kw= ok=1
Cmd: compileSnippet
  api=4 type=1 insize=2129 outsize=4451 kw= ok=1
Cmd: preprocess
  insize=2434 outsize=606 ok=1
Cmd: compileSnippet
  api=4 type=0 insize=2129 outsize=1128 kw= ok=1
Cmd: compileSnippet
  api=4 type=1 insize=2129 outsize=4345 kw= ok=1
Cmd: preprocess
  insize=2434 outsize=606 ok=1
Cmd: preprocess
  insize=2430 outsize=606 ok=1
Cmd: compileSnippet
  api=4 type=0 insize=2125 outsize=1128 kw= ok=1
Cmd: compileSnippet
  api=4 type=1 insize=2125 outsize=4280 kw= ok=1
Cmd: preprocess
  insize=2418 outsize=606 ok=1
Cmd: compileSnippet
  api=4 type=0 insize=2113 outsize=1128 kw= ok=1
Cmd: compileSnippet
  api=4 type=1 insize=2113 outsize=4199 kw= ok=1
Cmd: preprocess
  insize=2430 outsize=606 ok=1
Cmd: preprocess
  insize=2435 outsize=606 ok=1
Cmd: compileSnippet
  api=4 type=0 insize=2130 outsize=1128 kw= ok=1
Cmd: compileSnippet
  api=4 type=1 insize=2130 outsize=4451 kw= ok=1
Cmd: preprocess
  insize=2439 outsize=606 ok=1
Cmd: compileSnippet
  api=4 type=0 insize=2134 outsize=1128 kw= ok=1
Cmd: compileSnippet
  api=4 type=1 insize=2134 outsize=4362 kw= ok=1
Cmd: preprocess
  insize=2439 outsize=606 ok=1
Cmd: compileSnippet
  api=4 type=0 insize=2134 outsize=1128 kw= ok=1
Cmd: compileSnippet
  api=4 type=1 insize=2134 outsize=4362 kw= ok=1
